[03/07/2022 09:14:01] Helo a cada 1 minuto - status: iniciado
[03/07/2022 09:14:01] Helo a cada 1 minuto - status: concluido
[03/07/2022 09:15:01] Helo a cada 1 minuto - status: iniciado
[03/07/2022 09:15:01] Helo a cada 1 minuto - status: concluido
PHP Parse error:  syntax error, unexpected token ")" in /var/www/mcquery/core/Helpers.php on line 33
PHP Parse error:  syntax error, unexpected token ")" in /var/www/mcquery/core/Helpers.php on line 33
[03/07/2022 09:17:01] Helo a cada 1 minuto - status: iniciado
[03/07/2022 09:17:01] Helo a cada 1 minuto - status: concluido
[03/07/2022 09:18:01] Helo a cada 1 minuto - status: iniciado
[03/07/2022 09:18:01] Helo a cada 1 minuto - status: concluido
PHP Parse error:  syntax error, unexpected token ")" in /var/www/mcquery/core/Helpers.php on line 41
PHP Parse error:  syntax error, unexpected token ")" in /var/www/mcquery/core/Helpers.php on line 41
PHP Parse error:  syntax error, unexpected token ")" in /var/www/mcquery/core/Helpers.php on line 42
PHP Parse error:  syntax error, unexpected token ")" in /var/www/mcquery/core/Helpers.php on line 42
PHP Parse error:  syntax error, unexpected token "}" in /var/www/mcquery/core/Helpers.php on line 45
PHP Parse error:  syntax error, unexpected token "}" in /var/www/mcquery/core/Helpers.php on line 45
[03/07/2022 09:22:01] Helo a cada 1 minuto - status: iniciado
[03/07/2022 09:22:01] Helo a cada 1 minuto - status: concluido
[03/07/2022 09:23:01] Helo a cada 1 minuto - status: iniciado
[03/07/2022 09:23:01] Helo a cada 1 minuto - status: concluido
[03/07/2022 09:24:01] Helo a cada 1 minuto - status: iniciado
[03/07/2022 09:24:01] Helo a cada 1 minuto - status: concluido
[03/07/2022 09:25:01] Helo a cada 1 minuto - status: iniciado
[03/07/2022 09:25:01] Helo a cada 1 minuto - status: concluido
[03/07/2022 09:26:01] Helo a cada 1 minuto - status: iniciado
[03/07/2022 09:26:01] Helo a cada 1 minuto - status: concluido
[03/07/2022 09:27:01] Helo a cada 1 minuto - status: iniciado
[03/07/2022 09:27:01] Helo a cada 1 minuto - status: concluido
[03/07/2022 09:28:01] Helo a cada 1 minuto - status: iniciado
[03/07/2022 09:28:01] Helo a cada 1 minuto - status: concluido
[03/07/2022 09:29:01] Helo a cada 1 minuto - status: iniciado
[03/07/2022 09:29:01] Helo a cada 1 minuto - status: concluido
[03/07/2022 09:30:01] Helo a cada 1 minuto - status: iniciado
[03/07/2022 09:30:01] Helo a cada 1 minuto - status: concluido
[03/07/2022 09:31:01] Helo a cada 1 minuto - status: iniciado
[03/07/2022 09:31:01] Helo a cada 1 minuto - status: concluido
[03/07/2022 09:32:01] Helo a cada 1 minuto - status: iniciado
[03/07/2022 09:32:01] Helo a cada 1 minuto - status: concluido
[03/07/2022 09:33:01] Helo a cada 1 minuto - status: iniciado
[03/07/2022 09:33:01] Helo a cada 1 minuto - status: concluido
[03/07/2022 09:34:01] Helo a cada 1 minuto - status: iniciado
[03/07/2022 09:34:01] Helo a cada 1 minuto - status: concluido
[03/07/2022 09:35:01] Helo a cada 1 minuto - status: iniciado
[03/07/2022 09:35:01] Helo a cada 1 minuto - status: concluido
[03/07/2022 09:36:01] Helo a cada 1 minuto - status: iniciado
[03/07/2022 09:36:01] Helo a cada 1 minuto - status: concluido
[03/07/2022 09:37:01] Helo a cada 1 minuto - status: iniciado
[03/07/2022 09:37:01] Helo a cada 1 minuto - status: concluido
[03/07/2022 09:38:01] Helo a cada 1 minuto - status: iniciado
[03/07/2022 09:38:01] Helo a cada 1 minuto - status: concluido
[03/07/2022 09:39:01] Helo a cada 1 minuto - status: iniciado
[03/07/2022 09:39:01] Helo a cada 1 minuto - status: concluido
[03/07/2022 09:40:01] Helo a cada 1 minuto - status: iniciado
[03/07/2022 09:40:01] Helo a cada 1 minuto - status: concluido
[03/07/2022 09:41:01] Helo a cada 1 minuto - status: iniciado
[03/07/2022 09:41:01] Helo a cada 1 minuto - status: concluido
PHP Parse error:  syntax error, unexpected token ")" in /var/www/mcquery/core/Helpers.php on line 12
PHP Parse error:  syntax error, unexpected token ")" in /var/www/mcquery/core/Helpers.php on line 12
[03/07/2022 09:43:01] Helo a cada 1 minuto - status: iniciado
[03/07/2022 09:43:01] Helo a cada 1 minuto - status: concluido
[03/07/2022 09:44:01] Helo a cada 1 minuto - status: iniciado
[03/07/2022 09:44:01] Helo a cada 1 minuto - status: concluido
[03/07/2022 09:45:01] Helo a cada 1 minuto - status: iniciado
[03/07/2022 09:45:01] Helo a cada 1 minuto - status: concluido
[03/07/2022 09:46:01] Helo a cada 1 minuto - status: iniciado
[03/07/2022 09:46:01] Helo a cada 1 minuto - status: concluido
[03/07/2022 09:47:01] Helo a cada 1 minuto - status: iniciado
[03/07/2022 09:47:01] Helo a cada 1 minuto - status: concluido
[03/07/2022 09:48:01] Helo a cada 1 minuto - status: iniciado
[03/07/2022 09:48:01] Helo a cada 1 minuto - status: concluido
[03/07/2022 09:49:01] Helo a cada 1 minuto - status: iniciado
[03/07/2022 09:49:01] Helo a cada 1 minuto - status: concluido
[03/07/2022 09:50:01] Helo a cada 1 minuto - status: iniciado
[03/07/2022 09:50:01] Helo a cada 1 minuto - status: concluido
[03/07/2022 09:51:01] Helo a cada 1 minuto - status: iniciado
[03/07/2022 09:51:01] Helo a cada 1 minuto - status: concluido
[03/07/2022 09:52:01] Helo a cada 1 minuto - status: iniciado
[03/07/2022 09:52:01] Helo a cada 1 minuto - status: concluido
[03/07/2022 09:53:01] Helo a cada 1 minuto - status: iniciado
[03/07/2022 09:53:01] Helo a cada 1 minuto - status: concluido
[03/07/2022 09:54:01] Helo a cada 1 minuto - status: iniciado
[03/07/2022 09:54:01] Helo a cada 1 minuto - status: concluido
[03/07/2022 09:55:01] Helo a cada 1 minuto - status: iniciado
[03/07/2022 09:55:01] Helo a cada 1 minuto - status: concluido
[03/07/2022 09:56:01] Helo a cada 1 minuto - status: iniciado
[03/07/2022 09:56:01] Helo a cada 1 minuto - status: concluido
[03/07/2022 09:57:01] Helo a cada 1 minuto - status: iniciado
[03/07/2022 09:57:01] Helo a cada 1 minuto - status: concluido
[03/07/2022 09:58:01] Helo a cada 1 minuto - status: iniciado
[03/07/2022 09:58:01] Helo a cada 1 minuto - status: concluido
[03/07/2022 09:59:01] Helo a cada 1 minuto - status: iniciado
[03/07/2022 09:59:01] Helo a cada 1 minuto - status: concluido
[03/07/2022 10:00:01] Exemplo a cada 1 hora - status: iniciado
[03/07/2022 10:00:01] Helo a cada 1 minuto - status: iniciado
[03/07/2022 10:00:01] Exemplo a cada 1 hora - status: concluido
[03/07/2022 10:00:01] Helo a cada 1 minuto - status: concluido
[03/07/2022 10:01:01] Helo a cada 1 minuto - status: iniciado
[03/07/2022 10:01:01] Helo a cada 1 minuto - status: concluido
[03/07/2022 10:02:01] Helo a cada 1 minuto - status: iniciado
[03/07/2022 10:02:01] Helo a cada 1 minuto - status: concluido
[03/07/2022 10:03:01] Helo a cada 1 minuto - status: iniciado
[03/07/2022 10:03:01] Helo a cada 1 minuto - status: concluido
[03/07/2022 10:04:01] Helo a cada 1 minuto - status: iniciado
[03/07/2022 10:04:01] Helo a cada 1 minuto - status: concluido
[03/07/2022 10:05:01] Helo a cada 1 minuto - status: iniciado
[03/07/2022 10:05:01] Helo a cada 1 minuto - status: concluido
[03/07/2022 10:06:01] Helo a cada 1 minuto - status: iniciado
[03/07/2022 10:06:01] Helo a cada 1 minuto - status: concluido
[03/07/2022 10:07:01] Helo a cada 1 minuto - status: iniciado
[03/07/2022 10:07:01] Helo a cada 1 minuto - status: concluido
[03/07/2022 10:08:01] Helo a cada 1 minuto - status: iniciado
[03/07/2022 10:08:01] Helo a cada 1 minuto - status: concluido
[03/07/2022 10:09:01] Helo a cada 1 minuto - status: iniciado
[03/07/2022 10:09:01] Helo a cada 1 minuto - status: concluido
[03/07/2022 10:10:01] Helo a cada 1 minuto - status: iniciado
[03/07/2022 10:10:01] Helo a cada 1 minuto - status: concluido
[03/07/2022 10:11:01] Helo a cada 1 minuto - status: iniciado
[03/07/2022 10:11:01] Helo a cada 1 minuto - status: concluido
[03/07/2022 10:12:01] Helo a cada 1 minuto - status: iniciado
[03/07/2022 10:12:01] Helo a cada 1 minuto - status: concluido
[03/07/2022 10:13:01] Helo a cada 1 minuto - status: iniciado
[03/07/2022 10:13:01] Helo a cada 1 minuto - status: concluido
[03/07/2022 10:14:01] Helo a cada 1 minuto - status: iniciado
[03/07/2022 10:14:01] Helo a cada 1 minuto - status: concluido
[03/07/2022 10:15:01] Helo a cada 1 minuto - status: iniciado
[03/07/2022 10:15:01] Helo a cada 1 minuto - status: concluido
[03/07/2022 10:16:01] Helo a cada 1 minuto - status: iniciado
[03/07/2022 10:16:01] Helo a cada 1 minuto - status: concluido
[03/07/2022 10:17:01] Helo a cada 1 minuto - status: iniciado
[03/07/2022 10:17:01] Helo a cada 1 minuto - status: concluido
[03/07/2022 10:18:01] Helo a cada 1 minuto - status: iniciado
[03/07/2022 10:18:01] Helo a cada 1 minuto - status: concluido
[03/07/2022 10:19:01] Helo a cada 1 minuto - status: iniciado
[03/07/2022 10:19:01] Helo a cada 1 minuto - status: concluido
[03/07/2022 10:20:01] Helo a cada 1 minuto - status: iniciado
[03/07/2022 10:20:01] Helo a cada 1 minuto - status: concluido
[03/07/2022 10:21:01] Helo a cada 1 minuto - status: iniciado
[03/07/2022 10:21:01] Helo a cada 1 minuto - status: concluido
[03/07/2022 10:22:01] Helo a cada 1 minuto - status: iniciado
[03/07/2022 10:22:01] Helo a cada 1 minuto - status: concluido
[03/07/2022 10:23:01] Helo a cada 1 minuto - status: iniciado
[03/07/2022 10:23:01] Helo a cada 1 minuto - status: concluido
[03/07/2022 10:24:01] Helo a cada 1 minuto - status: iniciado
[03/07/2022 10:24:01] Helo a cada 1 minuto - status: concluido
[03/07/2022 10:25:01] Helo a cada 1 minuto - status: iniciado
[03/07/2022 10:25:01] Helo a cada 1 minuto - status: concluido
[03/07/2022 10:26:01] Helo a cada 1 minuto - status: iniciado
[03/07/2022 10:26:01] Helo a cada 1 minuto - status: concluido
[03/07/2022 10:27:01] Helo a cada 1 minuto - status: iniciado
[03/07/2022 10:27:01] Helo a cada 1 minuto - status: concluido
[03/07/2022 10:28:01] Helo a cada 1 minuto - status: iniciado
[03/07/2022 10:28:01] Helo a cada 1 minuto - status: concluido
[03/07/2022 10:29:01] Helo a cada 1 minuto - status: iniciado
[03/07/2022 10:29:01] Helo a cada 1 minuto - status: concluido
[03/07/2022 10:30:01] Helo a cada 1 minuto - status: iniciado
[03/07/2022 10:30:01] Helo a cada 1 minuto - status: concluido
[03/07/2022 10:31:01] Helo a cada 1 minuto - status: iniciado
[03/07/2022 10:31:01] Helo a cada 1 minuto - status: concluido
[03/07/2022 10:32:01] Helo a cada 1 minuto - status: iniciado
[03/07/2022 10:32:01] Helo a cada 1 minuto - status: concluido
[03/07/2022 10:33:01] Helo a cada 1 minuto - status: iniciado
[03/07/2022 10:33:01] Helo a cada 1 minuto - status: concluido
[03/07/2022 10:34:01] Helo a cada 1 minuto - status: iniciado
[03/07/2022 10:34:01] Helo a cada 1 minuto - status: concluido
[03/07/2022 10:35:01] Helo a cada 1 minuto - status: iniciado
[03/07/2022 10:35:01] Helo a cada 1 minuto - status: concluido
[03/07/2022 10:36:01] Helo a cada 1 minuto - status: iniciado
[03/07/2022 10:36:01] Helo a cada 1 minuto - status: concluido
[03/07/2022 10:37:01] Helo a cada 1 minuto - status: iniciado
[03/07/2022 10:37:01] Helo a cada 1 minuto - status: concluido
[03/07/2022 10:38:01] Helo a cada 1 minuto - status: iniciado
[03/07/2022 10:38:01] Helo a cada 1 minuto - status: concluido
[03/07/2022 10:39:01] Helo a cada 1 minuto - status: iniciado
[03/07/2022 10:39:01] Helo a cada 1 minuto - status: concluido
[03/07/2022 10:40:01] Helo a cada 1 minuto - status: iniciado
[03/07/2022 10:40:01] Helo a cada 1 minuto - status: concluido
[03/07/2022 10:41:01] Helo a cada 1 minuto - status: iniciado
[03/07/2022 10:41:01] Helo a cada 1 minuto - status: concluido
[03/07/2022 10:42:01] Helo a cada 1 minuto - status: iniciado
[03/07/2022 10:42:01] Helo a cada 1 minuto - status: concluido
[03/07/2022 10:43:01] Helo a cada 1 minuto - status: iniciado
[03/07/2022 10:43:01] Helo a cada 1 minuto - status: concluido
[03/07/2022 10:44:01] Helo a cada 1 minuto - status: iniciado
[03/07/2022 10:44:01] Helo a cada 1 minuto - status: concluido
[03/07/2022 10:45:01] Helo a cada 1 minuto - status: iniciado
[03/07/2022 10:45:01] Helo a cada 1 minuto - status: concluido
[03/07/2022 10:46:01] Helo a cada 1 minuto - status: iniciado
[03/07/2022 10:46:01] Helo a cada 1 minuto - status: concluido
[03/07/2022 10:47:01] Helo a cada 1 minuto - status: iniciado
[03/07/2022 10:47:01] Helo a cada 1 minuto - status: concluido
[03/07/2022 10:48:01] Helo a cada 1 minuto - status: iniciado
[03/07/2022 10:48:01] Helo a cada 1 minuto - status: concluido
